<?xml version="1.0" encoding="UTF-8"?>
<!-- Generated by org.testng.reporters.JUnitReportReporter -->
<testsuite hostname="DESKTOP-QDU2JEK" failures="0" tests="1" name="testCases.TC_02Login" time="7.503" errors="0" timestamp="2023-09-22T11:21:10 IST" skipped="0">
  <testcase classname="testCases.TC_02Login" name="testLogin" time="7.503"/>
</testsuite> <!-- testCases.TC_02Login -->
