<?xml version="1.0" encoding="UTF-8"?>
<!-- Generated by org.testng.reporters.JUnitReportReporter -->
<testsuite hostname="DESKTOP-QDU2JEK" failures="0" tests="1" name="testCases.TC_02Login" time="8.047" errors="0" timestamp="2023-09-25T12:07:30 IST" skipped="0">
  <testcase classname="testCases.TC_02Login" name="testLogin" time="8.047"/>
</testsuite> <!-- testCases.TC_02Login -->
